[1B9C:0BD4][2024-11-28T13:36:14]i001: Burn v3.14.0.5722, Windows v10.0 (Build 22631: Service Pack 0), path: C:\Users\RESULD~1\AppData\Local\Temp\{F630B1F2-F7E6-4002-93A5-109ED3AF99B7}\.cr\python-3.13.0-amd64 (1).exe
[1B9C:0BD4][2024-11-28T13:36:14]i000: Initializing string variable 'ActionLikeInstalling' to value 'Installing'
[1B9C:0BD4][2024-11-28T13:36:14]i000: Initializing string variable 'ActionLikeInstallation' to value 'Setup'
[1B9C:0BD4][2024-11-28T13:36:14]i000: Initializing string variable 'ShortVersion' to value '3.13'
[1B9C:0BD4][2024-11-28T13:36:14]i000: Initializing numeric variable 'ShortVersionNoDot' to value '313'
[1B9C:0BD4][2024-11-28T13:36:14]i000: Initializing string variable 'WinVer' to value '3.13'
[1B9C:0BD4][2024-11-28T13:36:14]i000: Initializing numeric variable 'WinVerNoDot' to value '313'
[1B9C:0BD4][2024-11-28T13:36:14]i000: Initializing numeric variable 'InstallAllUsers' to value '0'
[1B9C:0BD4][2024-11-28T13:36:14]i000: Initializing numeric variable 'InstallLauncherAllUsers' to value '-1'
[1B9C:0BD4][2024-11-28T13:36:14]i000: Initializing string variable 'TargetDir' to value ''
[1B9C:0BD4][2024-11-28T13:36:14]i000: Initializing string variable 'DefaultAllUsersTargetDir' to value '[ProgramFiles64Folder]Python[WinVerNoDot]'
[1B9C:0BD4][2024-11-28T13:36:14]i000: Initializing string variable 'TargetPlatform' to value 'x64'
[1B9C:0BD4][2024-11-28T13:36:14]i000: Initializing string variable 'DefaultJustForMeTargetDir' to value '[LocalAppDataFolder]Programs\Python\Python[WinVerNoDot]'
[1B9C:0BD4][2024-11-28T13:36:14]i000: Initializing string variable 'OptionalFeaturesRegistryKey' to value 'Software\Python\PythonCore\[WinVer]\InstalledFeatures'
[1B9C:0BD4][2024-11-28T13:36:14]i000: Initializing string variable 'TargetDirRegistryKey' to value 'Software\Python\PythonCore\[WinVer]\InstallPath'
[1B9C:0BD4][2024-11-28T13:36:14]i000: Initializing string variable 'DefaultCustomTargetDir' to value ''
[1B9C:0BD4][2024-11-28T13:36:14]i000: Initializing string variable 'InstallAllUsersState' to value 'enabled'
[1B9C:0BD4][2024-11-28T13:36:14]i000: Initializing string variable 'InstallLauncherAllUsersState' to value 'enabled'
[1B9C:0BD4][2024-11-28T13:36:14]i000: Initializing string variable 'CustomInstallLauncherAllUsersState' to value '[InstallLauncherAllUsersState]'
[1B9C:0BD4][2024-11-28T13:36:14]i000: Initializing string variable 'TargetDirState' to value 'enabled'
[1B9C:0BD4][2024-11-28T13:36:14]i000: Initializing string variable 'CustomBrowseButtonState' to value 'enabled'
[1B9C:0BD4][2024-11-28T13:36:14]i000: Initializing numeric variable 'Include_core' to value '1'
[1B9C:0BD4][2024-11-28T13:36:14]i000: Initializing numeric variable 'Include_exe' to value '1'
[1B9C:0BD4][2024-11-28T13:36:14]i000: Initializing numeric variable 'Include_dev' to value '1'
[1B9C:0BD4][2024-11-28T13:36:14]i000: Initializing numeric variable 'Include_lib' to value '1'
[1B9C:0BD4][2024-11-28T13:36:14]i000: Initializing numeric variable 'Include_test' to value '1'
[1B9C:0BD4][2024-11-28T13:36:14]i000: Initializing numeric variable 'Include_doc' to value '1'
[1B9C:0BD4][2024-11-28T13:36:14]i000: Initializing numeric variable 'Include_tools' to value '0'
[1B9C:0BD4][2024-11-28T13:36:14]i000: Initializing numeric variable 'Include_tcltk' to value '1'
[1B9C:0BD4][2024-11-28T13:36:14]i000: Initializing numeric variable 'Include_pip' to value '1'
[1B9C:0BD4][2024-11-28T13:36:14]i000: Initializing numeric variable 'Include_launcher' to value '-1'
[1B9C:0BD4][2024-11-28T13:36:14]i000: Initializing string variable 'Include_launcherState' to value 'enabled'
[1B9C:0BD4][2024-11-28T13:36:14]i000: Initializing numeric variable 'Include_symbols' to value '0'
[1B9C:0BD4][2024-11-28T13:36:14]i000: Initializing numeric variable 'Include_debug' to value '0'
[1B9C:0BD4][2024-11-28T13:36:14]i000: Initializing numeric variable 'Include_freethreaded' to value '0'
[1B9C:0BD4][2024-11-28T13:36:14]i000: Initializing string variable 'Include_freethreadedState' to value 'enabled'
[1B9C:0BD4][2024-11-28T13:36:14]i000: Initializing numeric variable 'LauncherOnly' to value '0'
[1B9C:0BD4][2024-11-28T13:36:14]i000: Initializing numeric variable 'BlockedLauncher' to value '0'
[1B9C:0BD4][2024-11-28T13:36:14]i000: Initializing numeric variable 'DetectedLauncher' to value '0'
[1B9C:0BD4][2024-11-28T13:36:14]i000: Initializing numeric variable 'DetectedOldLauncher' to value '0'
[1B9C:0BD4][2024-11-28T13:36:14]i000: Initializing numeric variable 'AssociateFiles' to value '-1'
[1B9C:0BD4][2024-11-28T13:36:14]i000: Initializing numeric variable 'Shortcuts' to value '1'
[1B9C:0BD4][2024-11-28T13:36:14]i000: Initializing numeric variable 'PrependPath' to value '0'
[1B9C:0BD4][2024-11-28T13:36:14]i000: Initializing numeric variable 'AppendPath' to value '0'
[1B9C:0BD4][2024-11-28T13:36:14]i000: Initializing numeric variable 'CompileAll' to value '0'
[1B9C:0BD4][2024-11-28T13:36:14]i000: Initializing numeric variable 'SimpleInstall' to value '0'
[1B9C:0BD4][2024-11-28T13:36:14]i000: Initializing string variable 'SimpleInstallDescription' to value ''
[1B9C:0BD4][2024-11-28T13:36:14]i009: Command Line: '"-burn.clean.room=C:\Users\resuldemir\Downloads\python-3.13.0-amd64 (1).exe" -burn.filehandle.attached=768 -burn.filehandle.self=572'
[1B9C:0BD4][2024-11-28T13:36:14]i000: Setting string variable 'WixBundleOriginalSource' to value 'C:\Users\resuldemir\Downloads\python-3.13.0-amd64 (1).exe'
[1B9C:0BD4][2024-11-28T13:36:14]i000: Setting string variable 'WixBundleOriginalSourceFolder' to value 'C:\Users\resuldemir\Downloads\'
[1B9C:0BD4][2024-11-28T13:36:14]i000: Setting string variable 'WixBundleLog' to value 'C:\Users\RESULD~1\AppData\Local\Temp\Python 3.13.0 (64-bit)_20241128133614.log'
[1B9C:0BD4][2024-11-28T13:36:14]i000: Setting string variable 'WixBundleManufacturer' to value 'Python Software Foundation'
[1B9C:0BD4][2024-11-28T13:36:15]i000: Setting numeric variable 'CRTInstalled' to value 1
[1B9C:0A74][2024-11-28T13:36:15]i000: Loading state of optional features
[1B9C:0A74][2024-11-28T13:36:15]i000: Setting numeric variable 'Include_debug' to value 0
[1B9C:0A74][2024-11-28T13:36:15]i000: Setting numeric variable 'Include_symbols' to value 0
[1B9C:0A74][2024-11-28T13:36:15]i000: Setting numeric variable 'Include_dev' to value 1
[1B9C:0A74][2024-11-28T13:36:15]i000: Setting numeric variable 'Include_doc' to value 1
[1B9C:0A74][2024-11-28T13:36:15]i000: Setting numeric variable 'Include_exe' to value 1
[1B9C:0A74][2024-11-28T13:36:15]i000: Setting numeric variable 'Include_lib' to value 1
[1B9C:0A74][2024-11-28T13:36:15]i000: Setting numeric variable 'PrependPath' to value 0
[1B9C:0A74][2024-11-28T13:36:15]i000: Setting numeric variable 'AppendPath' to value 0
[1B9C:0A74][2024-11-28T13:36:15]i000: Setting numeric variable 'Include_pip' to value 1
[1B9C:0A74][2024-11-28T13:36:15]i000: Setting numeric variable 'Include_tcltk' to value 1
[1B9C:0A74][2024-11-28T13:36:15]i000: Setting numeric variable 'Include_test' to value 1
[1B9C:0A74][2024-11-28T13:36:15]i000: Setting numeric variable 'Include_tools' to value 0
[1B9C:0A74][2024-11-28T13:36:15]i000: Setting numeric variable 'Shortcuts' to value 1
[1B9C:0A74][2024-11-28T13:36:15]i000: Setting numeric variable 'Include_freethreaded' to value 0
[1B9C:0A74][2024-11-28T13:36:15]i000: Setting string variable 'InstallAllUsersState' to value 'disable'
[1B9C:0A74][2024-11-28T13:36:15]i000: Setting string variable 'TargetDir' to value 'C:\Users\RESUL DEMİR\AppData\Local\Programs\Python\Python313\'
[1B9C:0A74][2024-11-28T13:36:15]i000: Did not find C:\Users\resuldemir\Downloads\unattend.xml
[1B9C:0A74][2024-11-28T13:36:15]i000: Setting string variable 'ActionLikeInstalling' to value 'Updating'
[1B9C:0A74][2024-11-28T13:36:15]i000: Setting string variable 'ActionLikeInstallation' to value 'Modify'
[1B9C:0A74][2024-11-28T13:36:15]i000: Setting version variable 'WixBundleFileVersion' to value '3.13.150.0'
[1B9C:0A74][2024-11-28T13:36:15]i000: Target OS is Windows 10 or later
[1B9C:0BD4][2024-11-28T13:36:15]i100: Detect begin, 58 packages
[1B9C:0BD4][2024-11-28T13:36:15]i101: Detected package: ucrt_AllUsers, state: Absent, cached: None
[1B9C:0BD4][2024-11-28T13:36:15]i101: Detected package: ucrt_JustForMe, state: Absent, cached: None
[1B9C:0BD4][2024-11-28T13:36:15]i101: Detected package: core_AllUsers, state: Absent, cached: None
[1B9C:0BD4][2024-11-28T13:36:15]i101: Detected package: core_AllUsers_pdb, state: Absent, cached: None
[1B9C:0BD4][2024-11-28T13:36:15]i101: Detected package: core_AllUsers_d, state: Absent, cached: None
[1B9C:0BD4][2024-11-28T13:36:15]i101: Detected package: core_JustForMe, state: Present, cached: Complete
[1B9C:0BD4][2024-11-28T13:36:15]i101: Detected package: core_JustForMe_pdb, state: Absent, cached: None
[1B9C:0BD4][2024-11-28T13:36:15]i101: Detected package: core_JustForMe_d, state: Absent, cached: None
[1B9C:0BD4][2024-11-28T13:36:15]i101: Detected package: exe_AllUsers, state: Absent, cached: None
[1B9C:0BD4][2024-11-28T13:36:15]i104: Detected package: exe_AllUsers, feature: DefaultFeature, state: Absent
[1B9C:0BD4][2024-11-28T13:36:15]i104: Detected package: exe_AllUsers, feature: Shortcuts, state: Absent
[1B9C:0BD4][2024-11-28T13:36:15]i101: Detected package: exe_AllUsers_pdb, state: Absent, cached: None
[1B9C:0BD4][2024-11-28T13:36:15]i101: Detected package: exe_AllUsers_d, state: Absent, cached: None
[1B9C:0BD4][2024-11-28T13:36:15]i101: Detected package: exe_JustForMe, state: Present, cached: Complete
[1B9C:0BD4][2024-11-28T13:36:15]i104: Detected package: exe_JustForMe, feature: DefaultFeature, state: Local
[1B9C:0BD4][2024-11-28T13:36:15]i104: Detected package: exe_JustForMe, feature: Shortcuts, state: Local
[1B9C:0BD4][2024-11-28T13:36:15]i101: Detected package: exe_JustForMe_pdb, state: Absent, cached: None
[1B9C:0BD4][2024-11-28T13:36:15]i101: Detected package: exe_JustForMe_d, state: Absent, cached: None
[1B9C:0BD4][2024-11-28T13:36:15]i101: Detected package: dev_AllUsers, state: Absent, cached: None
[1B9C:0BD4][2024-11-28T13:36:15]i101: Detected package: dev_AllUsers_d, state: Absent, cached: None
[1B9C:0BD4][2024-11-28T13:36:15]i101: Detected package: dev_JustForMe, state: Present, cached: Complete
[1B9C:0BD4][2024-11-28T13:36:15]i101: Detected package: dev_JustForMe_d, state: Absent, cached: None
[1B9C:0BD4][2024-11-28T13:36:15]i101: Detected package: lib_AllUsers, state: Absent, cached: None
[1B9C:0BD4][2024-11-28T13:36:15]i101: Detected package: lib_AllUsers_pdb, state: Absent, cached: None
[1B9C:0BD4][2024-11-28T13:36:15]i101: Detected package: lib_AllUsers_d, state: Absent, cached: None
[1B9C:0BD4][2024-11-28T13:36:15]i101: Detected package: lib_JustForMe, state: Present, cached: Complete
[1B9C:0BD4][2024-11-28T13:36:15]i101: Detected package: lib_JustForMe_pdb, state: Absent, cached: None
[1B9C:0BD4][2024-11-28T13:36:15]i101: Detected package: lib_JustForMe_d, state: Absent, cached: None
[1B9C:0BD4][2024-11-28T13:36:15]i101: Detected package: freethreaded_AllUsers, state: Absent, cached: None
[1B9C:0BD4][2024-11-28T13:36:15]i101: Detected package: freethreaded_AllUsers_pdb, state: Absent, cached: None
[1B9C:0BD4][2024-11-28T13:36:15]i101: Detected package: freethreaded_AllUsers_d, state: Absent, cached: None
[1B9C:0BD4][2024-11-28T13:36:15]i101: Detected package: freethreaded_JustForMe, state: Absent, cached: None
[1B9C:0BD4][2024-11-28T13:36:15]i101: Detected package: freethreaded_JustForMe_pdb, state: Absent, cached: None
[1B9C:0BD4][2024-11-28T13:36:15]i101: Detected package: freethreaded_JustForMe_d, state: Absent, cached: None
[1B9C:0BD4][2024-11-28T13:36:15]i101: Detected package: test_AllUsers, state: Absent, cached: None
[1B9C:0BD4][2024-11-28T13:36:15]i101: Detected package: test_AllUsers_pdb, state: Absent, cached: None
[1B9C:0BD4][2024-11-28T13:36:15]i101: Detected package: test_AllUsers_d, state: Absent, cached: None
[1B9C:0BD4][2024-11-28T13:36:15]i101: Detected package: test_JustForMe, state: Present, cached: Complete
[1B9C:0BD4][2024-11-28T13:36:15]i101: Detected package: test_JustForMe_pdb, state: Absent, cached: None
[1B9C:0BD4][2024-11-28T13:36:15]i101: Detected package: test_JustForMe_d, state: Absent, cached: None
[1B9C:0BD4][2024-11-28T13:36:15]i101: Detected package: doc_AllUsers, state: Absent, cached: None
[1B9C:0BD4][2024-11-28T13:36:15]i104: Detected package: doc_AllUsers, feature: DefaultFeature, state: Absent
[1B9C:0BD4][2024-11-28T13:36:15]i104: Detected package: doc_AllUsers, feature: Shortcuts, state: Absent
[1B9C:0BD4][2024-11-28T13:36:15]i101: Detected package: doc_JustForMe, state: Present, cached: Complete
[1B9C:0BD4][2024-11-28T13:36:15]i104: Detected package: doc_JustForMe, feature: DefaultFeature, state: Local
[1B9C:0BD4][2024-11-28T13:36:15]i104: Detected package: doc_JustForMe, feature: Shortcuts, state: Local
[1B9C:0BD4][2024-11-28T13:36:15]i101: Detected package: tcltk_AllUsers, state: Absent, cached: None
[1B9C:0BD4][2024-11-28T13:36:15]i104: Detected package: tcltk_AllUsers, feature: DefaultFeature, state: Absent
[1B9C:0BD4][2024-11-28T13:36:15]i104: Detected package: tcltk_AllUsers, feature: AssociateFiles, state: Absent
[1B9C:0BD4][2024-11-28T13:36:15]i104: Detected package: tcltk_AllUsers, feature: Shortcuts, state: Absent
[1B9C:0BD4][2024-11-28T13:36:15]i101: Detected package: tcltk_AllUsers_pdb, state: Absent, cached: None
[1B9C:0BD4][2024-11-28T13:36:15]i104: Detected package: tcltk_AllUsers_pdb, feature: Symbols, state: Absent
[1B9C:0BD4][2024-11-28T13:36:15]i101: Detected package: tcltk_AllUsers_d, state: Absent, cached: None
[1B9C:0BD4][2024-11-28T13:36:15]i104: Detected package: tcltk_AllUsers_d, feature: DebugBinaries, state: Absent
[1B9C:0BD4][2024-11-28T13:36:15]i101: Detected package: tcltk_JustForMe, state: Present, cached: Complete
[1B9C:0BD4][2024-11-28T13:36:15]i104: Detected package: tcltk_JustForMe, feature: DefaultFeature, state: Local
[1B9C:0BD4][2024-11-28T13:36:15]i104: Detected package: tcltk_JustForMe, feature: AssociateFiles, state: Local
[1B9C:0BD4][2024-11-28T13:36:15]i104: Detected package: tcltk_JustForMe, feature: Shortcuts, state: Local
[1B9C:0BD4][2024-11-28T13:36:15]i101: Detected package: tcltk_JustForMe_pdb, state: Absent, cached: None
[1B9C:0BD4][2024-11-28T13:36:15]i104: Detected package: tcltk_JustForMe_pdb, feature: Symbols, state: Absent
[1B9C:0BD4][2024-11-28T13:36:15]i101: Detected package: tcltk_JustForMe_d, state: Absent, cached: None
[1B9C:0BD4][2024-11-28T13:36:15]i104: Detected package: tcltk_JustForMe_d, feature: DebugBinaries, state: Absent
[1B9C:0BD4][2024-11-28T13:36:15]i101: Detected package: launcher_AllUsers, state: Absent, cached: Complete
[1B9C:0BD4][2024-11-28T13:36:15]i104: Detected package: launcher_AllUsers, feature: DefaultFeature, state: Absent
[1B9C:0BD4][2024-11-28T13:36:15]i104: Detected package: launcher_AllUsers, feature: AssociateFiles, state: Absent
[1B9C:0BD4][2024-11-28T13:36:15]i101: Detected package: launcher_JustForMe, state: Present, cached: Complete
[1B9C:0BD4][2024-11-28T13:36:15]i104: Detected package: launcher_JustForMe, feature: DefaultFeature, state: Local
[1B9C:0BD4][2024-11-28T13:36:15]i104: Detected package: launcher_JustForMe, feature: AssociateFiles, state: Local
[1B9C:0BD4][2024-11-28T13:36:15]i101: Detected package: pip_AllUsers, state: Absent, cached: None
[1B9C:0BD4][2024-11-28T13:36:15]i101: Detected package: pip_JustForMe, state: Present, cached: Complete
[1B9C:0BD4][2024-11-28T13:36:15]i101: Detected package: path_AllUsers, state: Absent, cached: None
[1B9C:0BD4][2024-11-28T13:36:15]i101: Detected package: path_JustForMe, state: Absent, cached: None
[1B9C:0BD4][2024-11-28T13:36:15]i101: Detected package: appendpath_AllUsers, state: Absent, cached: None
[1B9C:0BD4][2024-11-28T13:36:15]i101: Detected package: appendpath_JustForMe, state: Absent, cached: None
[1B9C:0BD4][2024-11-28T13:36:15]i101: Detected package: compileall_AllUsers, state: Absent, cached: None
[1B9C:0BD4][2024-11-28T13:36:15]i101: Detected package: compileallO_AllUsers, state: Absent, cached: None
[1B9C:0BD4][2024-11-28T13:36:15]i101: Detected package: compileallOO_AllUsers, state: Absent, cached: None
[1B9C:0BD4][2024-11-28T13:36:15]i101: Detected package: compileall_JustForMe, state: Absent, cached: None
[1B9C:0BD4][2024-11-28T13:36:15]i101: Detected package: compileallO_JustForMe, state: Absent, cached: None
[1B9C:0BD4][2024-11-28T13:36:15]i101: Detected package: compileallOO_JustForMe, state: Absent, cached: None
[1B9C:0BD4][2024-11-28T13:36:15]i000: Setting numeric variable 'InstallLauncherAllUsers' to value 0
[1B9C:0BD4][2024-11-28T13:36:15]i000: Setting numeric variable 'Include_launcher' to value 0
[1B9C:0BD4][2024-11-28T13:36:15]i000: Setting numeric variable 'AssociateFiles' to value 0
[1B9C:0BD4][2024-11-28T13:36:15]i000: Setting numeric variable 'AssociateFiles' to value 1
[1B9C:0BD4][2024-11-28T13:36:15]i199: Detect complete, result: 0x0
[1B9C:0A74][2024-11-28T13:36:21]i000: Setting string variable 'ActionLikeInstalling' to value 'Removing'
[1B9C:0A74][2024-11-28T13:36:21]i000: Setting string variable 'ActionLikeInstallation' to value 'Uninstall'
[1B9C:0BD4][2024-11-28T13:36:21]i200: Plan begin, 58 packages, action: Uninstall
[1B9C:0BD4][2024-11-28T13:36:21]w321: Skipping dependency registration on package with no dependency providers: compileallOO_JustForMe
[1B9C:0BD4][2024-11-28T13:36:21]w321: Skipping dependency registration on package with no dependency providers: compileallO_JustForMe
[1B9C:0BD4][2024-11-28T13:36:21]w321: Skipping dependency registration on package with no dependency providers: compileall_JustForMe
[1B9C:0BD4][2024-11-28T13:36:21]w321: Skipping dependency registration on package with no dependency providers: compileallOO_AllUsers
[1B9C:0BD4][2024-11-28T13:36:21]w321: Skipping dependency registration on package with no dependency providers: compileallO_AllUsers
[1B9C:0BD4][2024-11-28T13:36:21]w321: Skipping dependency registration on package with no dependency providers: compileall_AllUsers
[1B9C:0BD4][2024-11-28T13:36:21]w322: Skipping cross-scope dependency registration on package: appendpath_AllUsers, bundle scope: PerUser, package scope: PerMachine
[1B9C:0BD4][2024-11-28T13:36:21]w322: Skipping cross-scope dependency registration on package: path_AllUsers, bundle scope: PerUser, package scope: PerMachine
[1B9C:0BD4][2024-11-28T13:36:21]i000: Setting string variable 'WixBundleRollbackLog_pip_JustForMe' to value 'C:\Users\RESULD~1\AppData\Local\Temp\Python 3.13.0 (64-bit)_20241128133614_000_pip_JustForMe_rollback.log'
[1B9C:0BD4][2024-11-28T13:36:21]i000: Setting string variable 'WixBundleLog_pip_JustForMe' to value 'C:\Users\RESULD~1\AppData\Local\Temp\Python 3.13.0 (64-bit)_20241128133614_000_pip_JustForMe.log'
[1B9C:0BD4][2024-11-28T13:36:21]w322: Skipping cross-scope dependency registration on package: pip_AllUsers, bundle scope: PerUser, package scope: PerMachine
[1B9C:0BD4][2024-11-28T13:36:21]w322: Skipping cross-scope dependency registration on package: launcher_AllUsers, bundle scope: PerUser, package scope: PerMachine
[1B9C:0BD4][2024-11-28T13:36:21]i204: Plan 1 msi features for package: tcltk_JustForMe_d
[1B9C:0BD4][2024-11-28T13:36:21]i203: Planned feature: DebugBinaries, state: Absent, default requested: Unknown, ba requested: Local, execute action: AddLocal, rollback action: Remove
[1B9C:0BD4][2024-11-28T13:36:21]i204: Plan 1 msi features for package: tcltk_JustForMe_pdb
[1B9C:0BD4][2024-11-28T13:36:21]i203: Planned feature: Symbols, state: Absent, default requested: Unknown, ba requested: Local, execute action: AddLocal, rollback action: Remove
[1B9C:0BD4][2024-11-28T13:36:21]i204: Plan 3 msi features for package: tcltk_JustForMe
[1B9C:0BD4][2024-11-28T13:36:21]i203: Planned feature: DefaultFeature, state: Local, default requested: Unknown, ba requested: Local, execute action: None, rollback action: None
[1B9C:0BD4][2024-11-28T13:36:21]i203: Planned feature: AssociateFiles, state: Local, default requested: Unknown, ba requested: Local, execute action: None, rollback action: None
[1B9C:0BD4][2024-11-28T13:36:21]i203: Planned feature: Shortcuts, state: Local, default requested: Unknown, ba requested: Local, execute action: None, rollback action: None
[1B9C:0BD4][2024-11-28T13:36:21]i000: Setting string variable 'WixBundleRollbackLog_tcltk_JustForMe' to value 'C:\Users\RESULD~1\AppData\Local\Temp\Python 3.13.0 (64-bit)_20241128133614_001_tcltk_JustForMe_rollback.log'
[1B9C:0BD4][2024-11-28T13:36:21]i000: Setting string variable 'WixBundleLog_tcltk_JustForMe' to value 'C:\Users\RESULD~1\AppData\Local\Temp\Python 3.13.0 (64-bit)_20241128133614_001_tcltk_JustForMe.log'
[1B9C:0BD4][2024-11-28T13:36:21]i204: Plan 1 msi features for package: tcltk_AllUsers_d
[1B9C:0BD4][2024-11-28T13:36:21]i203: Planned feature: DebugBinaries, state: Absent, default requested: Unknown, ba requested: Local, execute action: AddLocal, rollback action: Remove
[1B9C:0BD4][2024-11-28T13:36:21]w322: Skipping cross-scope dependency registration on package: tcltk_AllUsers_d, bundle scope: PerUser, package scope: PerMachine
[1B9C:0BD4][2024-11-28T13:36:21]i204: Plan 1 msi features for package: tcltk_AllUsers_pdb
[1B9C:0BD4][2024-11-28T13:36:21]i203: Planned feature: Symbols, state: Absent, default requested: Unknown, ba requested: Local, execute action: AddLocal, rollback action: Remove
[1B9C:0BD4][2024-11-28T13:36:21]w322: Skipping cross-scope dependency registration on package: tcltk_AllUsers_pdb, bundle scope: PerUser, package scope: PerMachine
[1B9C:0BD4][2024-11-28T13:36:21]i204: Plan 3 msi features for package: tcltk_AllUsers
[1B9C:0BD4][2024-11-28T13:36:21]i203: Planned feature: DefaultFeature, state: Absent, default requested: Unknown, ba requested: Local, execute action: AddLocal, rollback action: Remove
[1B9C:0BD4][2024-11-28T13:36:21]i203: Planned feature: AssociateFiles, state: Absent, default requested: Unknown, ba requested: Local, execute action: AddLocal, rollback action: Remove
[1B9C:0BD4][2024-11-28T13:36:21]i203: Planned feature: Shortcuts, state: Absent, default requested: Unknown, ba requested: Local, execute action: AddLocal, rollback action: Remove
[1B9C:0BD4][2024-11-28T13:36:21]w322: Skipping cross-scope dependency registration on package: tcltk_AllUsers, bundle scope: PerUser, package scope: PerMachine
[1B9C:0BD4][2024-11-28T13:36:21]i204: Plan 2 msi features for package: doc_JustForMe
[1B9C:0BD4][2024-11-28T13:36:21]i203: Planned feature: DefaultFeature, state: Local, default requested: Unknown, ba requested: Local, execute action: None, rollback action: None
[1B9C:0BD4][2024-11-28T13:36:21]i203: Planned feature: Shortcuts, state: Local, default requested: Unknown, ba requested: Local, execute action: None, rollback action: None
[1B9C:0BD4][2024-11-28T13:36:21]i000: Setting string variable 'WixBundleRollbackLog_doc_JustForMe' to value 'C:\Users\RESULD~1\AppData\Local\Temp\Python 3.13.0 (64-bit)_20241128133614_002_doc_JustForMe_rollback.log'
[1B9C:0BD4][2024-11-28T13:36:21]i000: Setting string variable 'WixBundleLog_doc_JustForMe' to value 'C:\Users\RESULD~1\AppData\Local\Temp\Python 3.13.0 (64-bit)_20241128133614_002_doc_JustForMe.log'
[1B9C:0BD4][2024-11-28T13:36:21]i204: Plan 2 msi features for package: doc_AllUsers
[1B9C:0BD4][2024-11-28T13:36:21]i203: Planned feature: DefaultFeature, state: Absent, default requested: Unknown, ba requested: Local, execute action: AddLocal, rollback action: Remove
[1B9C:0BD4][2024-11-28T13:36:21]i203: Planned feature: Shortcuts, state: Absent, default requested: Unknown, ba requested: Local, execute action: AddLocal, rollback action: Remove
[1B9C:0BD4][2024-11-28T13:36:21]w322: Skipping cross-scope dependency registration on package: doc_AllUsers, bundle scope: PerUser, package scope: PerMachine
[1B9C:0BD4][2024-11-28T13:36:21]i000: Setting string variable 'WixBundleRollbackLog_test_JustForMe' to value 'C:\Users\RESULD~1\AppData\Local\Temp\Python 3.13.0 (64-bit)_20241128133614_003_test_JustForMe_rollback.log'
[1B9C:0BD4][2024-11-28T13:36:21]i000: Setting string variable 'WixBundleLog_test_JustForMe' to value 'C:\Users\RESULD~1\AppData\Local\Temp\Python 3.13.0 (64-bit)_20241128133614_003_test_JustForMe.log'
[1B9C:0BD4][2024-11-28T13:36:21]w322: Skipping cross-scope dependency registration on package: test_AllUsers_d, bundle scope: PerUser, package scope: PerMachine
[1B9C:0BD4][2024-11-28T13:36:21]w322: Skipping cross-scope dependency registration on package: test_AllUsers_pdb, bundle scope: PerUser, package scope: PerMachine
[1B9C:0BD4][2024-11-28T13:36:21]w322: Skipping cross-scope dependency registration on package: test_AllUsers, bundle scope: PerUser, package scope: PerMachine
[1B9C:0BD4][2024-11-28T13:36:21]w322: Skipping cross-scope dependency registration on package: freethreaded_AllUsers_d, bundle scope: PerUser, package scope: PerMachine
[1B9C:0BD4][2024-11-28T13:36:21]w322: Skipping cross-scope dependency registration on package: freethreaded_AllUsers_pdb, bundle scope: PerUser, package scope: PerMachine
[1B9C:0BD4][2024-11-28T13:36:21]w322: Skipping cross-scope dependency registration on package: freethreaded_AllUsers, bundle scope: PerUser, package scope: PerMachine
[1B9C:0BD4][2024-11-28T13:36:21]i000: Setting string variable 'WixBundleRollbackLog_lib_JustForMe' to value 'C:\Users\RESULD~1\AppData\Local\Temp\Python 3.13.0 (64-bit)_20241128133614_004_lib_JustForMe_rollback.log'
[1B9C:0BD4][2024-11-28T13:36:21]i000: Setting string variable 'WixBundleLog_lib_JustForMe' to value 'C:\Users\RESULD~1\AppData\Local\Temp\Python 3.13.0 (64-bit)_20241128133614_004_lib_JustForMe.log'
[1B9C:0BD4][2024-11-28T13:36:21]w322: Skipping cross-scope dependency registration on package: lib_AllUsers_d, bundle scope: PerUser, package scope: PerMachine
[1B9C:0BD4][2024-11-28T13:36:21]w322: Skipping cross-scope dependency registration on package: lib_AllUsers_pdb, bundle scope: PerUser, package scope: PerMachine
[1B9C:0BD4][2024-11-28T13:36:21]w322: Skipping cross-scope dependency registration on package: lib_AllUsers, bundle scope: PerUser, package scope: PerMachine
[1B9C:0BD4][2024-11-28T13:36:21]i000: Setting string variable 'WixBundleRollbackLog_dev_JustForMe' to value 'C:\Users\RESULD~1\AppData\Local\Temp\Python 3.13.0 (64-bit)_20241128133614_005_dev_JustForMe_rollback.log'
[1B9C:0BD4][2024-11-28T13:36:21]i000: Setting string variable 'WixBundleLog_dev_JustForMe' to value 'C:\Users\RESULD~1\AppData\Local\Temp\Python 3.13.0 (64-bit)_20241128133614_005_dev_JustForMe.log'
[1B9C:0BD4][2024-11-28T13:36:21]w322: Skipping cross-scope dependency registration on package: dev_AllUsers_d, bundle scope: PerUser, package scope: PerMachine
[1B9C:0BD4][2024-11-28T13:36:21]w322: Skipping cross-scope dependency registration on package: dev_AllUsers, bundle scope: PerUser, package scope: PerMachine
[1B9C:0BD4][2024-11-28T13:36:21]i204: Plan 2 msi features for package: exe_JustForMe
[1B9C:0BD4][2024-11-28T13:36:21]i203: Planned feature: DefaultFeature, state: Local, default requested: Unknown, ba requested: Local, execute action: None, rollback action: None
[1B9C:0BD4][2024-11-28T13:36:21]i203: Planned feature: Shortcuts, state: Local, default requested: Unknown, ba requested: Local, execute action: None, rollback action: None
[1B9C:0BD4][2024-11-28T13:36:21]i000: Setting string variable 'WixBundleRollbackLog_exe_JustForMe' to value 'C:\Users\RESULD~1\AppData\Local\Temp\Python 3.13.0 (64-bit)_20241128133614_006_exe_JustForMe_rollback.log'
[1B9C:0BD4][2024-11-28T13:36:21]i000: Setting string variable 'WixBundleLog_exe_JustForMe' to value 'C:\Users\RESULD~1\AppData\Local\Temp\Python 3.13.0 (64-bit)_20241128133614_006_exe_JustForMe.log'
[1B9C:0BD4][2024-11-28T13:36:21]w322: Skipping cross-scope dependency registration on package: exe_AllUsers_d, bundle scope: PerUser, package scope: PerMachine
[1B9C:0BD4][2024-11-28T13:36:21]w322: Skipping cross-scope dependency registration on package: exe_AllUsers_pdb, bundle scope: PerUser, package scope: PerMachine
[1B9C:0BD4][2024-11-28T13:36:21]i204: Plan 2 msi features for package: exe_AllUsers
[1B9C:0BD4][2024-11-28T13:36:21]i203: Planned feature: DefaultFeature, state: Absent, default requested: Unknown, ba requested: Local, execute action: AddLocal, rollback action: Remove
[1B9C:0BD4][2024-11-28T13:36:21]i203: Planned feature: Shortcuts, state: Absent, default requested: Unknown, ba requested: Local, execute action: AddLocal, rollback action: Remove
[1B9C:0BD4][2024-11-28T13:36:21]w322: Skipping cross-scope dependency registration on package: exe_AllUsers, bundle scope: PerUser, package scope: PerMachine
[1B9C:0BD4][2024-11-28T13:36:21]i000: Setting string variable 'WixBundleRollbackLog_core_JustForMe' to value 'C:\Users\RESULD~1\AppData\Local\Temp\Python 3.13.0 (64-bit)_20241128133614_007_core_JustForMe_rollback.log'
[1B9C:0BD4][2024-11-28T13:36:21]i000: Setting string variable 'WixBundleLog_core_JustForMe' to value 'C:\Users\RESULD~1\AppData\Local\Temp\Python 3.13.0 (64-bit)_20241128133614_007_core_JustForMe.log'
[1B9C:0BD4][2024-11-28T13:36:21]w322: Skipping cross-scope dependency registration on package: core_AllUsers_d, bundle scope: PerUser, package scope: PerMachine
[1B9C:0BD4][2024-11-28T13:36:21]w322: Skipping cross-scope dependency registration on package: core_AllUsers_pdb, bundle scope: PerUser, package scope: PerMachine
[1B9C:0BD4][2024-11-28T13:36:21]w322: Skipping cross-scope dependency registration on package: core_AllUsers, bundle scope: PerUser, package scope: PerMachine
[1B9C:0BD4][2024-11-28T13:36:21]w322: Skipping cross-scope dependency registration on package: ucrt_AllUsers, bundle scope: PerUser, package scope: PerMachine
[1B9C:0BD4][2024-11-28T13:36:21]i201: Planned package: compileallOO_JustForMe, state: Absent, default requested: None, ba requested: None, execute: None, rollback: None, cache: No, uncache: No, dependency: None
[1B9C:0BD4][2024-11-28T13:36:21]i201: Planned package: compileallO_JustForMe, state: Absent, default requested: None, ba requested: None, execute: None, rollback: None, cache: No, uncache: No, dependency: None
[1B9C:0BD4][2024-11-28T13:36:21]i201: Planned package: compileall_JustForMe, state: Absent, default requested: None, ba requested: None, execute: None, rollback: None, cache: No, uncache: No, dependency: None
[1B9C:0BD4][2024-11-28T13:36:21]i201: Planned package: compileallOO_AllUsers, state: Absent, default requested: None, ba requested: None, execute: None, rollback: None, cache: No, uncache: No, dependency: None
[1B9C:0BD4][2024-11-28T13:36:21]i201: Planned package: compileallO_AllUsers, state: Absent, default requested: None, ba requested: None, execute: None, rollback: None, cache: No, uncache: No, dependency: None
[1B9C:0BD4][2024-11-28T13:36:21]i201: Planned package: compileall_AllUsers, state: Absent, default requested: None, ba requested: None, execute: None, rollback: None, cache: No, uncache: No, dependency: None
[1B9C:0BD4][2024-11-28T13:36:21]i201: Planned package: appendpath_JustForMe, state: Absent, default requested: Absent, ba requested: Absent, execute: None, rollback: None, cache: No, uncache: No, dependency: Unregister
[1B9C:0BD4][2024-11-28T13:36:21]i201: Planned package: appendpath_AllUsers, state: Absent, default requested: Absent, ba requested: Absent, execute: None, rollback: None, cache: No, uncache: No, dependency: None
[1B9C:0BD4][2024-11-28T13:36:21]i201: Planned package: path_JustForMe, state: Absent, default requested: Absent, ba requested: Absent, execute: None, rollback: None, cache: No, uncache: No, dependency: Unregister
[1B9C:0BD4][2024-11-28T13:36:21]i201: Planned package: path_AllUsers, state: Absent, default requested: Absent, ba requested: Absent, execute: None, rollback: None, cache: No, uncache: No, dependency: None
[1B9C:0BD4][2024-11-28T13:36:21]i201: Planned package: pip_JustForMe, state: Present, default requested: Absent, ba requested: Absent, execute: Uninstall, rollback: Install, cache: No, uncache: Yes, dependency: Unregister
[1B9C:0BD4][2024-11-28T13:36:21]i201: Planned package: pip_AllUsers, state: Absent, default requested: Absent, ba requested: Absent, execute: None, rollback: None, cache: No, uncache: No, dependency: None
[1B9C:0BD4][2024-11-28T13:36:21]i201: Planned package: launcher_JustForMe, state: Present, default requested: None, ba requested: None, execute: None, rollback: None, cache: No, uncache: No, dependency: Unregister
[1B9C:0BD4][2024-11-28T13:36:21]i201: Planned package: launcher_AllUsers, state: Absent, default requested: None, ba requested: None, execute: None, rollback: None, cache: No, uncache: Yes, dependency: None
[1B9C:0BD4][2024-11-28T13:36:21]i201: Planned package: tcltk_JustForMe_d, state: Absent, default requested: Absent, ba requested: Absent, execute: None, rollback: None, cache: No, uncache: No, dependency: Unregister
[1B9C:0BD4][2024-11-28T13:36:21]i201: Planned package: tcltk_JustForMe_pdb, state: Absent, default requested: Absent, ba requested: Absent, execute: None, rollback: None, cache: No, uncache: No, dependency: Unregister
[1B9C:0BD4][2024-11-28T13:36:21]i201: Planned package: tcltk_JustForMe, state: Present, default requested: Absent, ba requested: Absent, execute: Uninstall, rollback: Install, cache: No, uncache: Yes, dependency: Unregister
[1B9C:0BD4][2024-11-28T13:36:21]i201: Planned package: tcltk_AllUsers_d, state: Absent, default requested: Absent, ba requested: Absent, execute: None, rollback: None, cache: No, uncache: No, dependency: None
[1B9C:0BD4][2024-11-28T13:36:21]i201: Planned package: tcltk_AllUsers_pdb, state: Absent, default requested: Absent, ba requested: Absent, execute: None, rollback: None, cache: No, uncache: No, dependency: None
[1B9C:0BD4][2024-11-28T13:36:21]i201: Planned package: tcltk_AllUsers, state: Absent, default requested: Absent, ba requested: Absent, execute: None, rollback: None, cache: No, uncache: No, dependency: None
[1B9C:0BD4][2024-11-28T13:36:21]i201: Planned package: doc_JustForMe, state: Present, default requested: Absent, ba requested: Absent, execute: Uninstall, rollback: Install, cache: No, uncache: Yes, dependency: Unregister
[1B9C:0BD4][2024-11-28T13:36:21]i201: Planned package: doc_AllUsers, state: Absent, default requested: Absent, ba requested: Absent, execute: None, rollback: None, cache: No, uncache: No, dependency: None
[1B9C:0BD4][2024-11-28T13:36:21]i201: Planned package: test_JustForMe_d, state: Absent, default requested: Absent, ba requested: Absent, execute: None, rollback: None, cache: No, uncache: No, dependency: Unregister
[1B9C:0BD4][2024-11-28T13:36:21]i201: Planned package: test_JustForMe_pdb, state: Absent, default requested: Absent, ba requested: Absent, execute: None, rollback: None, cache: No, uncache: No, dependency: Unregister
[1B9C:0BD4][2024-11-28T13:36:21]i201: Planned package: test_JustForMe, state: Present, default requested: Absent, ba requested: Absent, execute: Uninstall, rollback: Install, cache: No, uncache: Yes, dependency: Unregister
[1B9C:0BD4][2024-11-28T13:36:21]i201: Planned package: test_AllUsers_d, state: Absent, default requested: Absent, ba requested: Absent, execute: None, rollback: None, cache: No, uncache: No, dependency: None
[1B9C:0BD4][2024-11-28T13:36:21]i201: Planned package: test_AllUsers_pdb, state: Absent, default requested: Absent, ba requested: Absent, execute: None, rollback: None, cache: No, uncache: No, dependency: None
[1B9C:0BD4][2024-11-28T13:36:21]i201: Planned package: test_AllUsers, state: Absent, default requested: Absent, ba requested: Absent, execute: None, rollback: None, cache: No, uncache: No, dependency: None
[1B9C:0BD4][2024-11-28T13:36:21]i201: Planned package: freethreaded_JustForMe_d, state: Absent, default requested: Absent, ba requested: Absent, execute: None, rollback: None, cache: No, uncache: No, dependency: Unregister
[1B9C:0BD4][2024-11-28T13:36:21]i201: Planned package: freethreaded_JustForMe_pdb, state: Absent, default requested: Absent, ba requested: Absent, execute: None, rollback: None, cache: No, uncache: No, dependency: Unregister
[1B9C:0BD4][2024-11-28T13:36:21]i201: Planned package: freethreaded_JustForMe, state: Absent, default requested: Absent, ba requested: Absent, execute: None, rollback: None, cache: No, uncache: No, dependency: Unregister
[1B9C:0BD4][2024-11-28T13:36:21]i201: Planned package: freethreaded_AllUsers_d, state: Absent, default requested: Absent, ba requested: Absent, execute: None, rollback: None, cache: No, uncache: No, dependency: None
[1B9C:0BD4][2024-11-28T13:36:21]i201: Planned package: freethreaded_AllUsers_pdb, state: Absent, default requested: Absent, ba requested: Absent, execute: None, rollback: None, cache: No, uncache: No, dependency: None
[1B9C:0BD4][2024-11-28T13:36:21]i201: Planned package: freethreaded_AllUsers, state: Absent, default requested: Absent, ba requested: Absent, execute: None, rollback: None, cache: No, uncache: No, dependency: None
[1B9C:0BD4][2024-11-28T13:36:21]i201: Planned package: lib_JustForMe_d, state: Absent, default requested: Absent, ba requested: Absent, execute: None, rollback: None, cache: No, uncache: No, dependency: Unregister
[1B9C:0BD4][2024-11-28T13:36:21]i201: Planned package: lib_JustForMe_pdb, state: Absent, default requested: Absent, ba requested: Absent, execute: None, rollback: None, cache: No, uncache: No, dependency: Unregister
[1B9C:0BD4][2024-11-28T13:36:21]i201: Planned package: lib_JustForMe, state: Present, default requested: Absent, ba requested: Absent, execute: Uninstall, rollback: Install, cache: No, uncache: Yes, dependency: Unregister
[1B9C:0BD4][2024-11-28T13:36:21]i201: Planned package: lib_AllUsers_d, state: Absent, default requested: Absent, ba requested: Absent, execute: None, rollback: None, cache: No, uncache: No, dependency: None
[1B9C:0BD4][2024-11-28T13:36:21]i201: Planned package: lib_AllUsers_pdb, state: Absent, default requested: Absent, ba requested: Absent, execute: None, rollback: None, cache: No, uncache: No, dependency: None
[1B9C:0BD4][2024-11-28T13:36:21]i201: Planned package: lib_AllUsers, state: Absent, default requested: Absent, ba requested: Absent, execute: None, rollback: None, cache: No, uncache: No, dependency: None
[1B9C:0BD4][2024-11-28T13:36:21]i201: Planned package: dev_JustForMe_d, state: Absent, default requested: Absent, ba requested: Absent, execute: None, rollback: None, cache: No, uncache: No, dependency: Unregister
[1B9C:0BD4][2024-11-28T13:36:21]i201: Planned package: dev_JustForMe, state: Present, default requested: Absent, ba requested: Absent, execute: Uninstall, rollback: Install, cache: No, uncache: Yes, dependency: Unregister
[1B9C:0BD4][2024-11-28T13:36:21]i201: Planned package: dev_AllUsers_d, state: Absent, default requested: Absent, ba requested: Absent, execute: None, rollback: None, cache: No, uncache: No, dependency: None
[1B9C:0BD4][2024-11-28T13:36:21]i201: Planned package: dev_AllUsers, state: Absent, default requested: Absent, ba requested: Absent, execute: None, rollback: None, cache: No, uncache: No, dependency: None
[1B9C:0BD4][2024-11-28T13:36:21]i201: Planned package: exe_JustForMe_d, state: Absent, default requested: Absent, ba requested: Absent, execute: None, rollback: None, cache: No, uncache: No, dependency: Unregister
[1B9C:0BD4][2024-11-28T13:36:21]i201: Planned package: exe_JustForMe_pdb, state: Absent, default requested: Absent, ba requested: Absent, execute: None, rollback: None, cache: No, uncache: No, dependency: Unregister
[1B9C:0BD4][2024-11-28T13:36:21]i201: Planned package: exe_JustForMe, state: Present, default requested: Absent, ba requested: Absent, execute: Uninstall, rollback: Install, cache: No, uncache: Yes, dependency: Unregister
[1B9C:0BD4][2024-11-28T13:36:21]i201: Planned package: exe_AllUsers_d, state: Absent, default requested: Absent, ba requested: Absent, execute: None, rollback: None, cache: No, uncache: No, dependency: None
[1B9C:0BD4][2024-11-28T13:36:21]i201: Planned package: exe_AllUsers_pdb, state: Absent, default requested: Absent, ba requested: Absent, execute: None, rollback: None, cache: No, uncache: No, dependency: None
[1B9C:0BD4][2024-11-28T13:36:21]i201: Planned package: exe_AllUsers, state: Absent, default requested: Absent, ba requested: Absent, execute: None, rollback: None, cache: No, uncache: No, dependency: None
[1B9C:0BD4][2024-11-28T13:36:21]i201: Planned package: core_JustForMe_d, state: Absent, default requested: Absent, ba requested: Absent, execute: None, rollback: None, cache: No, uncache: No, dependency: Unregister
[1B9C:0BD4][2024-11-28T13:36:21]i201: Planned package: core_JustForMe_pdb, state: Absent, default requested: Absent, ba requested: Absent, execute: None, rollback: None, cache: No, uncache: No, dependency: Unregister
[1B9C:0BD4][2024-11-28T13:36:21]i201: Planned package: core_JustForMe, state: Present, default requested: Absent, ba requested: Absent, execute: Uninstall, rollback: Install, cache: No, uncache: Yes, dependency: Unregister
[1B9C:0BD4][2024-11-28T13:36:21]i201: Planned package: core_AllUsers_d, state: Absent, default requested: Absent, ba requested: Absent, execute: None, rollback: None, cache: No, uncache: No, dependency: None
[1B9C:0BD4][2024-11-28T13:36:21]i201: Planned package: core_AllUsers_pdb, state: Absent, default requested: Absent, ba requested: Absent, execute: None, rollback: None, cache: No, uncache: No, dependency: None
[1B9C:0BD4][2024-11-28T13:36:21]i201: Planned package: core_AllUsers, state: Absent, default requested: Absent, ba requested: Absent, execute: None, rollback: None, cache: No, uncache: No, dependency: None
[1B9C:0BD4][2024-11-28T13:36:21]i201: Planned package: ucrt_JustForMe, state: Absent, default requested: Absent, ba requested: Absent, execute: None, rollback: None, cache: No, uncache: No, dependency: Unregister
[1B9C:0BD4][2024-11-28T13:36:21]i201: Planned package: ucrt_AllUsers, state: Absent, default requested: Absent, ba requested: Absent, execute: None, rollback: None, cache: No, uncache: No, dependency: None
[1B9C:0BD4][2024-11-28T13:36:21]i299: Plan complete, result: 0x0
[1B9C:0BD4][2024-11-28T13:36:21]i300: Apply begin
[1B9C:0BD4][2024-11-28T13:36:21]i371: Updating session, registration key: SOFTWARE\Microsoft\Windows\CurrentVersion\Uninstall\{5f75c346-3aaf-4f17-8545-2a21a740bb7a}, resume: Active, restart initiated: No, disable resume: No
[1B9C:0BD4][2024-11-28T13:36:21]i329: Removed package dependency provider: {4E5C48D2-D5E3-446C-AB47-F06CE2C3585A}, package: appendpath_JustForMe
[1B9C:0BD4][2024-11-28T13:36:21]i329: Removed package dependency provider: {99D92D08-795B-420E-A433-65953025CBBB}, package: path_JustForMe
[1B9C:0BD4][2024-11-28T13:36:21]i326: Removed dependency: {5f75c346-3aaf-4f17-8545-2a21a740bb7a} on package provider: {1239D9CA-8A9B-4A20-8361-0C6990D08FD8}, package pip_JustForMe
[1B9C:0BD4][2024-11-28T13:36:21]i329: Removed package dependency provider: {1239D9CA-8A9B-4A20-8361-0C6990D08FD8}, package: pip_JustForMe
[1B9C:0BD4][2024-11-28T13:36:21]i301: Applying execute package: pip_JustForMe, action: Uninstall, path: (null), arguments: ' ARPSYSTEMCOMPONENT="1" MSIFASTINSTALL="7" TARGETDIR="C:\Users\RESUL DEMİR\AppData\Local\Programs\Python\Python313\" OPTIONALFEATURESREGISTRYKEY="Software\Python\PythonCore\3.13\InstalledFeatures"'
[1B9C:0BD4][2024-11-28T13:36:22]e000: Error 0x80070643: Failed to uninstall MSI package.
[1B9C:0BD4][2024-11-28T13:36:22]e000: Error 0x80070643: Failed to configure per-user MSI package.
[1B9C:0BD4][2024-11-28T13:36:22]i319: Applied execute package: pip_JustForMe, result: 0x80070643, restart: None
[1B9C:0BD4][2024-11-28T13:36:22]e000: Error 0x80070643: Failed to execute MSI package.
[1B9C:0BD4][2024-11-28T13:36:22]i318: Skipped rollback of package: pip_JustForMe, action: Install, already: Present
[1B9C:0BD4][2024-11-28T13:36:22]i319: Applied rollback package: pip_JustForMe, result: 0x0, restart: None
[1B9C:0BD4][2024-11-28T13:36:22]i323: Registering package dependency provider: {1239D9CA-8A9B-4A20-8361-0C6990D08FD8}, version: 3.13.150.0, package: pip_JustForMe
[1B9C:0BD4][2024-11-28T13:36:22]i325: Registering dependency: {5f75c346-3aaf-4f17-8545-2a21a740bb7a} on package provider: {1239D9CA-8A9B-4A20-8361-0C6990D08FD8}, package: pip_JustForMe
[1B9C:0BD4][2024-11-28T13:36:22]i372: Session end, registration key: SOFTWARE\Microsoft\Windows\CurrentVersion\Uninstall\{5f75c346-3aaf-4f17-8545-2a21a740bb7a}, resume: ARP, restart: None, disable resume: No
[1B9C:0BD4][2024-11-28T13:36:22]i371: Updating session, registration key: SOFTWARE\Microsoft\Windows\CurrentVersion\Uninstall\{5f75c346-3aaf-4f17-8545-2a21a740bb7a}, resume: ARP, restart initiated: No, disable resume: No
[1B9C:0BD4][2024-11-28T13:36:22]i399: Apply complete, result: 0x80070643, restart: None, ba requested restart:  No
[1B9C:0BD4][2024-11-28T13:36:38]i500: Shutting down, exit code: 0x643
[1B9C:0BD4][2024-11-28T13:36:38]i410: Variable: ActionLikeInstallation = Uninstall
[1B9C:0BD4][2024-11-28T13:36:38]i410: Variable: ActionLikeInstalling = Removing
[1B9C:0BD4][2024-11-28T13:36:38]i410: Variable: AppendPath = 0
[1B9C:0BD4][2024-11-28T13:36:38]i410: Variable: AssociateFiles = 1
[1B9C:0BD4][2024-11-28T13:36:38]i410: Variable: BlockedLauncher = 0
[1B9C:0BD4][2024-11-28T13:36:38]i410: Variable: CompileAll = 0
[1B9C:0BD4][2024-11-28T13:36:38]i410: Variable: CRTInstalled = 1
[1B9C:0BD4][2024-11-28T13:36:38]i410: Variable: CustomBrowseButtonState = enabled
[1B9C:0BD4][2024-11-28T13:36:38]i410: Variable: CustomInstallLauncherAllUsersState = enabled
[1B9C:0BD4][2024-11-28T13:36:38]i410: Variable: DefaultAllUsersTargetDir = C:\Program Files\Python313
[1B9C:0BD4][2024-11-28T13:36:38]i410: Variable: DefaultCustomTargetDir = 
[1B9C:0BD4][2024-11-28T13:36:38]i410: Variable: DefaultJustForMeTargetDir = C:\Users\resuldemir\AppData\Local\Programs\Python\Python313
[1B9C:0BD4][2024-11-28T13:36:38]i410: Variable: DetectedLauncher = 0
[1B9C:0BD4][2024-11-28T13:36:38]i410: Variable: DetectedOldLauncher = 0
[1B9C:0BD4][2024-11-28T13:36:38]i410: Variable: Include_core = 1
[1B9C:0BD4][2024-11-28T13:36:38]i410: Variable: Include_debug = 0
[1B9C:0BD4][2024-11-28T13:36:38]i410: Variable: Include_dev = 1
[1B9C:0BD4][2024-11-28T13:36:38]i410: Variable: Include_doc = 1
[1B9C:0BD4][2024-11-28T13:36:38]i410: Variable: Include_exe = 1
[1B9C:0BD4][2024-11-28T13:36:38]i410: Variable: Include_freethreaded = 0
[1B9C:0BD4][2024-11-28T13:36:38]i410: Variable: Include_freethreadedState = enabled
[1B9C:0BD4][2024-11-28T13:36:38]i410: Variable: Include_launcher = 0
[1B9C:0BD4][2024-11-28T13:36:38]i410: Variable: Include_launcherState = enabled
[1B9C:0BD4][2024-11-28T13:36:38]i410: Variable: Include_lib = 1
[1B9C:0BD4][2024-11-28T13:36:38]i410: Variable: Include_pip = 1
[1B9C:0BD4][2024-11-28T13:36:38]i410: Variable: Include_symbols = 0
[1B9C:0BD4][2024-11-28T13:36:38]i410: Variable: Include_tcltk = 1
[1B9C:0BD4][2024-11-28T13:36:38]i410: Variable: Include_test = 1
[1B9C:0BD4][2024-11-28T13:36:38]i410: Variable: Include_tools = 0
[1B9C:0BD4][2024-11-28T13:36:38]i410: Variable: InstallAllUsers = 0
[1B9C:0BD4][2024-11-28T13:36:38]i410: Variable: InstallAllUsersState = disable
[1B9C:0BD4][2024-11-28T13:36:38]i410: Variable: InstallLauncherAllUsers = 0
[1B9C:0BD4][2024-11-28T13:36:38]i410: Variable: InstallLauncherAllUsersState = enabled
[1B9C:0BD4][2024-11-28T13:36:38]i410: Variable: LauncherOnly = 0
[1B9C:0BD4][2024-11-28T13:36:38]i410: Variable: LocalAppDataFolder = C:\Users\resuldemir\AppData\Local\
[1B9C:0BD4][2024-11-28T13:36:38]i410: Variable: OptionalFeaturesRegistryKey = Software\Python\PythonCore\3.13\InstalledFeatures
[1B9C:0BD4][2024-11-28T13:36:38]i410: Variable: PrependPath = 0
[1B9C:0BD4][2024-11-28T13:36:38]i410: Variable: ProgramFiles64Folder = C:\Program Files\
[1B9C:0BD4][2024-11-28T13:36:38]i410: Variable: Shortcuts = 1
[1B9C:0BD4][2024-11-28T13:36:38]i410: Variable: ShortVersion = 3.13
[1B9C:0BD4][2024-11-28T13:36:38]i410: Variable: ShortVersionNoDot = 313
[1B9C:0BD4][2024-11-28T13:36:38]i410: Variable: SimpleInstall = 0
[1B9C:0BD4][2024-11-28T13:36:38]i410: Variable: SimpleInstallDescription = 
[1B9C:0BD4][2024-11-28T13:36:38]i410: Variable: TargetDir = C:\Users\RESUL DEMİR\AppData\Local\Programs\Python\Python313\
[1B9C:0BD4][2024-11-28T13:36:38]i410: Variable: TargetDirRegistryKey = Software\Python\PythonCore\3.13\InstallPath
[1B9C:0BD4][2024-11-28T13:36:38]i410: Variable: TargetDirState = enabled
[1B9C:0BD4][2024-11-28T13:36:38]i410: Variable: TargetPlatform = x64
[1B9C:0BD4][2024-11-28T13:36:38]i410: Variable: WinVer = 3.13
[1B9C:0BD4][2024-11-28T13:36:38]i410: Variable: WinVerNoDot = 313
[1B9C:0BD4][2024-11-28T13:36:38]i410: Variable: WixBundleAction = 3
[1B9C:0BD4][2024-11-28T13:36:38]i410: Variable: WixBundleElevated = 0
[1B9C:0BD4][2024-11-28T13:36:38]i410: Variable: WixBundleFileVersion = 3.13.150.0
[1B9C:0BD4][2024-11-28T13:36:38]i410: Variable: WixBundleInstalled = 1
[1B9C:0BD4][2024-11-28T13:36:38]i410: Variable: WixBundleLog = C:\Users\RESULD~1\AppData\Local\Temp\Python 3.13.0 (64-bit)_20241128133614.log
[1B9C:0BD4][2024-11-28T13:36:38]i410: Variable: WixBundleLog_core_JustForMe = C:\Users\RESULD~1\AppData\Local\Temp\Python 3.13.0 (64-bit)_20241128133614_007_core_JustForMe.log
[1B9C:0BD4][2024-11-28T13:36:38]i410: Variable: WixBundleLog_dev_JustForMe = C:\Users\RESULD~1\AppData\Local\Temp\Python 3.13.0 (64-bit)_20241128133614_005_dev_JustForMe.log
[1B9C:0BD4][2024-11-28T13:36:38]i410: Variable: WixBundleLog_doc_JustForMe = C:\Users\RESULD~1\AppData\Local\Temp\Python 3.13.0 (64-bit)_20241128133614_002_doc_JustForMe.log
[1B9C:0BD4][2024-11-28T13:36:38]i410: Variable: WixBundleLog_exe_JustForMe = C:\Users\RESULD~1\AppData\Local\Temp\Python 3.13.0 (64-bit)_20241128133614_006_exe_JustForMe.log
[1B9C:0BD4][2024-11-28T13:36:38]i410: Variable: WixBundleLog_lib_JustForMe = C:\Users\RESULD~1\AppData\Local\Temp\Python 3.13.0 (64-bit)_20241128133614_004_lib_JustForMe.log
[1B9C:0BD4][2024-11-28T13:36:38]i410: Variable: WixBundleLog_pip_JustForMe = C:\Users\RESULD~1\AppData\Local\Temp\Python 3.13.0 (64-bit)_20241128133614_000_pip_JustForMe.log
[1B9C:0BD4][2024-11-28T13:36:38]i410: Variable: WixBundleLog_tcltk_JustForMe = C:\Users\RESULD~1\AppData\Local\Temp\Python 3.13.0 (64-bit)_20241128133614_001_tcltk_JustForMe.log
[1B9C:0BD4][2024-11-28T13:36:38]i410: Variable: WixBundleLog_test_JustForMe = C:\Users\RESULD~1\AppData\Local\Temp\Python 3.13.0 (64-bit)_20241128133614_003_test_JustForMe.log
[1B9C:0BD4][2024-11-28T13:36:38]i410: Variable: WixBundleManufacturer = Python Software Foundation
[1B9C:0BD4][2024-11-28T13:36:38]i410: Variable: WixBundleName = Python 3.13.0 (64-bit)
[1B9C:0BD4][2024-11-28T13:36:38]i410: Variable: WixBundleOriginalSource = C:\Users\resuldemir\Downloads\python-3.13.0-amd64 (1).exe
[1B9C:0BD4][2024-11-28T13:36:38]i410: Variable: WixBundleOriginalSourceFolder = C:\Users\resuldemir\Downloads\
[1B9C:0BD4][2024-11-28T13:36:38]i410: Variable: WixBundleProviderKey = CPython-3.13
[1B9C:0BD4][2024-11-28T13:36:38]i410: Variable: WixBundleRollbackLog_core_JustForMe = C:\Users\RESULD~1\AppData\Local\Temp\Python 3.13.0 (64-bit)_20241128133614_007_core_JustForMe_rollback.log
[1B9C:0BD4][2024-11-28T13:36:38]i410: Variable: WixBundleRollbackLog_dev_JustForMe = C:\Users\RESULD~1\AppData\Local\Temp\Python 3.13.0 (64-bit)_20241128133614_005_dev_JustForMe_rollback.log
[1B9C:0BD4][2024-11-28T13:36:38]i410: Variable: WixBundleRollbackLog_doc_JustForMe = C:\Users\RESULD~1\AppData\Local\Temp\Python 3.13.0 (64-bit)_20241128133614_002_doc_JustForMe_rollback.log
[1B9C:0BD4][2024-11-28T13:36:38]i410: Variable: WixBundleRollbackLog_exe_JustForMe = C:\Users\RESULD~1\AppData\Local\Temp\Python 3.13.0 (64-bit)_20241128133614_006_exe_JustForMe_rollback.log
[1B9C:0BD4][2024-11-28T13:36:38]i410: Variable: WixBundleRollbackLog_lib_JustForMe = C:\Users\RESULD~1\AppData\Local\Temp\Python 3.13.0 (64-bit)_20241128133614_004_lib_JustForMe_rollback.log
[1B9C:0BD4][2024-11-28T13:36:38]i410: Variable: WixBundleRollbackLog_pip_JustForMe = C:\Users\RESULD~1\AppData\Local\Temp\Python 3.13.0 (64-bit)_20241128133614_000_pip_JustForMe_rollback.log
[1B9C:0BD4][2024-11-28T13:36:38]i410: Variable: WixBundleRollbackLog_tcltk_JustForMe = C:\Users\RESULD~1\AppData\Local\Temp\Python 3.13.0 (64-bit)_20241128133614_001_tcltk_JustForMe_rollback.log
[1B9C:0BD4][2024-11-28T13:36:38]i410: Variable: WixBundleRollbackLog_test_JustForMe = C:\Users\RESULD~1\AppData\Local\Temp\Python 3.13.0 (64-bit)_20241128133614_003_test_JustForMe_rollback.log
[1B9C:0BD4][2024-11-28T13:36:38]i410: Variable: WixBundleSourceProcessFolder = C:\Users\resuldemir\Downloads\
[1B9C:0BD4][2024-11-28T13:36:38]i410: Variable: WixBundleSourceProcessPath = C:\Users\resuldemir\Downloads\python-3.13.0-amd64 (1).exe
[1B9C:0BD4][2024-11-28T13:36:38]i410: Variable: WixBundleTag = 
[1B9C:0BD4][2024-11-28T13:36:38]i410: Variable: WixBundleUILevel = 4
[1B9C:0BD4][2024-11-28T13:36:38]i410: Variable: WixBundleVersion = 3.13.150.0
[1B9C:0BD4][2024-11-28T13:36:38]i007: Exit code: 0x643, restarting: No
